<?xml version="1.0" encoding="UTF-8"?>
<!-- Generated by org.testng.reporters.JUnitReportReporter -->
<testsuite hostname="DESKTOP-S3POIGO" failures="0" tests="3" name="com.io.testng.demo.gotocart" time="7.629" errors="0" timestamp="2024-11-29T00:55:04 IST" skipped="0">
  <testcase classname="com.io.testng.demo.gotocart" name="gotocart" time="1.442"/>
  <testcase classname="com.io.testng.demo.gotocart" name="addtocart" time="0.103"/>
  <testcase classname="com.io.testng.demo.gotocart" name="loginToApplication" time="6.084"/>
  <system-out>
    <![CDATA[=====Browser Session Started=====
=====Application Started=====]]>
  </system-out>
</testsuite> <!-- com.io.testng.demo.gotocart -->
