<?xml version="1.0" encoding="UTF-8"?>
<!-- Generated by org.testng.reporters.JUnitReportReporter -->
<testsuite hostname="DESKTOP-S3POIGO" failures="0" tests="1" name="com.io.testng.demo.Login" time="7.556" errors="0" timestamp="2024-12-03T19:36:31 IST" skipped="0">
  <testcase classname="com.io.testng.demo.Login" name="loginToApplication" time="7.556"/>
  <system-out>
    <![CDATA[=====Browser Session Started=====
=====Application Started=====
=====Browser Session Started=====
=====Application Started=====]]>
  </system-out>
</testsuite> <!-- com.io.testng.demo.Login -->
